c:\users\mertz\git\git\cubalibre\synthese\projet_synthese\debug\vc120.pdb
c:\users\mertz\git\git\cubalibre\synthese\projet_synthese\debug\vc120.idb
c:\users\mertz\git\git\cubalibre\synthese\projet_synthese\debug\cercle.obj
c:\users\mertz\git\git\cubalibre\synthese\projet_synthese\debug\chargementformecor.obj
c:\users\mertz\git\git\cubalibre\synthese\projet_synthese\debug\chargementformecorcercle.obj
c:\users\mertz\git\git\cubalibre\synthese\projet_synthese\debug\chargementformecorgroupe.obj
c:\users\mertz\git\git\cubalibre\synthese\projet_synthese\debug\chargementformecorpolygone.obj
c:\users\mertz\git\git\cubalibre\synthese\projet_synthese\debug\chargementformecorsegment.obj
c:\users\mertz\git\git\cubalibre\synthese\projet_synthese\debug\chargementformecortriangle.obj
c:\users\mertz\git\git\cubalibre\synthese\projet_synthese\debug\clientdessin.obj
c:\users\mertz\git\git\cubalibre\synthese\projet_synthese\debug\erreur.obj
c:\users\mertz\git\git\cubalibre\synthese\projet_synthese\debug\forme.obj
c:\users\mertz\git\git\cubalibre\synthese\projet_synthese\debug\groupe.obj
c:\users\mertz\git\git\cubalibre\synthese\projet_synthese\debug\main.obj
c:\users\mertz\git\git\cubalibre\synthese\projet_synthese\debug\mawinsock.obj
c:\users\mertz\git\git\cubalibre\synthese\projet_synthese\debug\polygone.obj
c:\users\mertz\git\git\cubalibre\synthese\projet_synthese\debug\sauvegardetxt.obj
c:\users\mertz\git\git\cubalibre\synthese\projet_synthese\debug\segment.obj
c:\users\mertz\git\git\cubalibre\synthese\projet_synthese\debug\transformation.obj
c:\users\mertz\git\git\cubalibre\synthese\projet_synthese\debug\triangle.obj
c:\users\mertz\git\git\cubalibre\synthese\projet_synthese\debug\vecteur2d.obj
c:\users\mertz\git\git\cubalibre\synthese\projet_synthese\debug\projet_synthese.ilk
c:\users\mertz\git\git\cubalibre\synthese\projet_synthese\debug\projet_synthese.exe
c:\users\mertz\git\git\cubalibre\synthese\projet_synthese\debug\projet_synthese.pdb
c:\users\mertz\git\git\cubalibre\synthese\projet_synthese\debug\projet_synthese.tlog\cl.command.1.tlog
c:\users\mertz\git\git\cubalibre\synthese\projet_synthese\debug\projet_synthese.tlog\cl.read.1.tlog
c:\users\mertz\git\git\cubalibre\synthese\projet_synthese\debug\projet_synthese.tlog\cl.write.1.tlog
c:\users\mertz\git\git\cubalibre\synthese\projet_synthese\debug\projet_synthese.tlog\link.command.1.tlog
c:\users\mertz\git\git\cubalibre\synthese\projet_synthese\debug\projet_synthese.tlog\link.read.1.tlog
c:\users\mertz\git\git\cubalibre\synthese\projet_synthese\debug\projet_synthese.tlog\link.write.1.tlog
