La génération a démarré 30/11/2015 09:43:47.
     1>Projet "C:\Program Files (x86)\EasyPHP-DevServer-14.1VC9\data\localweb\WEB\cubalibre\synthese\projet_synthese\projet_synthese.vcxproj" sur le nœud 2 (Build cible(s)).
     1>ClCompile:
         C:\Program Files (x86)\Microsoft Visual Studio 12.0\VC\bin\CL.exe /c /ZI /nologo /W3 /WX- /sdl /Od /Oy- /D WIN32 /D _DEBUG /D _CONSOLE /D _LIB /D _UNICODE /D UNICODE /Gm /EHsc /RTC1 /MDd /GS /fp:precise /Zc:wchar_t /Zc:forScope /Fo"Debug\\" /Fd"Debug\vc120.pdb" /Gd /TP /analyze- /errorReport:prompt ClientDessin.cpp main.cpp
         ClientDessin.cpp
         Génération de code en cours...
         Compilation en cours...
         main.cpp
         Génération de code en cours...
       Link:
         C:\Program Files (x86)\Microsoft Visual Studio 12.0\VC\bin\link.exe /ERRORREPORT:PROMPT /OUT:"C:\Program Files (x86)\EasyPHP-DevServer-14.1VC9\data\localweb\WEB\cubalibre\synthese\projet_synthese\Debug\projet_synthese.exe" /INCREMENTAL /NOLOGO kernel32.lib user32.lib gdi32.lib winspool.lib comdlg32.lib advapi32.lib shell32.lib ole32.lib oleaut32.lib uuid.lib odbc32.lib odbccp32.lib /MANIFEST /MANIFESTUAC:"level='asInvoker' uiAccess='false'" /manifest:embed /DEBUG /PDB:"C:\Program Files (x86)\EasyPHP-DevServer-14.1VC9\data\localweb\WEB\cubalibre\synthese\projet_synthese\Debug\projet_synthese.pdb" /SUBSYSTEM:CONSOLE /TLBID:1 /DYNAMICBASE /NXCOMPAT /IMPLIB:"C:\Program Files (x86)\EasyPHP-DevServer-14.1VC9\data\localweb\WEB\cubalibre\synthese\projet_synthese\Debug\projet_synthese.lib" /MACHINE:X86 Debug\Cercle.obj
         Debug\ChargementFormeCOR.obj
         Debug\ChargementFormeCORCercle.obj
         Debug\ChargementFormeCORGroupe.obj
         Debug\ChargementFormeCORPolygone.obj
         Debug\ChargementFormeCORSegment.obj
         Debug\ChargementFormeCORTriangle.obj
         Debug\ClientDessin.obj
         Debug\erreur.obj
         Debug\Forme.obj
         Debug\Groupe.obj
         Debug\main.obj
         Debug\MAWinsock.obj
         Debug\Polygone.obj
         Debug\SauvegardeTxt.obj
         Debug\Segment.obj
         Debug\Transformation.obj
         Debug\Triangle.obj
         Debug\Vecteur2D.obj
         projet_synthese.vcxproj -> C:\Program Files (x86)\EasyPHP-DevServer-14.1VC9\data\localweb\WEB\cubalibre\synthese\projet_synthese\Debug\projet_synthese.exe
     1>Génération du projet "C:\Program Files (x86)\EasyPHP-DevServer-14.1VC9\data\localweb\WEB\cubalibre\synthese\projet_synthese\projet_synthese.vcxproj" terminée (Build cible(s)).

La génération a réussi.

Temps écoulé 00:00:04.74
